1.3545 	WARNING 	We strongly recommend you activate the PTB sound engine in PsychoPy prefs as the preferred audio engine. Its timing is vastly superior. Your prefs are currently set to use ['sounddevice'] (in that order).
10.1286 	EXP 	Created window1 = Window(allowGUI=False, allowStencil=False, autoLog=True, backendConf=UNKNOWN, bitsMode=UNKNOWN, blendMode='avg', bpc=(8, 8, 8), color=array([1., 1., 1.]), colorSpace='rgb', depthBits=8, fullscr=<method-wrapper '__getattribute__' of attributeSetter object at 0x000001ABA6271BE0>, gamma=None, gammaErrorPolicy='raise', lms=UNKNOWN, monitor=<psychopy.monitors.calibTools.Monitor object at 0x000001ABA63D56D0>, multiSample=False, name='window1', numSamples=2, pos=(0, 0), screen=0, size=array([1920, 1080]), stencilBits=0, stereo=False, units='height', useFBO=True, useRetina=False, viewOri=0.0, viewPos=None, viewScale=None, waitBlanking=True, winType='pyglet')
10.1289 	EXP 	window1: mouseVisible = True
10.1289 	EXP 	window1: Attempting to measure frame rate of screen (0) ...
10.1289 	EXP 	window1: recordFrameIntervals = False
10.2952 	EXP 	window1: recordFrameIntervals = True
10.4788 	EXP 	Screen (0) actual frame rate measured at 59.97Hz
10.4788 	EXP 	window1: recordFrameIntervals = False
12.0677 	EXP 	Created image_2 = ImageStim(__class__=<class 'psychopy.visual.image.ImageStim'>, anchor=('center', 'center'), autoLog=True, color=array([1., 1., 1.]), colorSpace='rgb', contrast=1.0, depth=0.0, flipHoriz=False, flipVert=False, image='res/caratula.jpg', interpolate=True, mask=None, maskParams=None, name='image_2', opacity=1, ori=0.0, pos=array([0., 0.]), size=array([1.8, 1. ]), texRes=128.0, units='height', win=Window(...))
12.1230 	EXP 	Created instruccion = ImageStim(__class__=<class 'psychopy.visual.image.ImageStim'>, anchor=('center', 'center'), autoLog=True, color=array([1., 1., 1.]), colorSpace='rgb', contrast=1.0, depth=-1.0, flipHoriz=False, flipVert=False, image='res/instruccion.jpg', interpolate=True, mask=None, maskParams=None, name='instruccion', opacity=1, ori=0.0, pos=array([0., 0.]), size=array([1.8, 1. ]), texRes=128.0, units='height', win=Window(...))
12.1788 	EXP 	Created instruccion_2 = ImageStim(__class__=<class 'psychopy.visual.image.ImageStim'>, anchor=('center', 'center'), autoLog=True, color=array([1., 1., 1.]), colorSpace='rgb', contrast=1.0, depth=0.0, flipHoriz=False, flipVert=False, image='res/instruccion-prueba.jpg', interpolate=True, mask=None, maskParams=None, name='instruccion_2', opacity=1, ori=0.0, pos=array([0., 0.]), size=array([1.8, 1. ]), texRes=128.0, units='height', win=Window(...))
12.2065 	EXP 	Sound soundEst set volume 1.000
12.2442 	EXP 	Created testText = TextStim(__class__=<class 'psychopy.visual.text.TextStim'>, alignHoriz=method-wrapper(...), alignText='center', alignVert=method-wrapper(...), anchorHoriz='center', anchorVert='center', antialias=True, autoLog=True, bold=False, color=array([-1., -1., -1.]), colorSpace='rgb', contrast=1.0, depth=0.0, flipHoriz=False, flipVert=False, font='Arial', fontFiles=[], height=0.1, italic=False, languageStyle='LTR', name='testText', opacity=1, ori=0, pos=array([ 0.  , -0.25]), rgb=UNKNOWN, text='', units='height', win=Window(...), wrapWidth=1)
12.2640 	EXP 	Created instr_2 = TextStim(__class__=<class 'psychopy.visual.text.TextStim'>, alignHoriz=method-wrapper(...), alignText='center', alignVert=method-wrapper(...), anchorHoriz='center', anchorVert='center', antialias=True, autoLog=True, bold=False, color=array([-1., -1., -1.]), colorSpace='rgb', contrast=1.0, depth=-1.0, flipHoriz=False, flipVert=False, font='Arial', fontFiles=[], height=0.05, italic=False, languageStyle='LTR', name='instr_2', opacity=1, ori=0, pos=array([0.  , 0.25]), rgb=UNKNOWN, text=str(...), units='height', win=Window(...), wrapWidth=1)
12.3165 	EXP 	Created instruccion_3 = ImageStim(__class__=<class 'psychopy.visual.image.ImageStim'>, anchor=('center', 'center'), autoLog=True, color=array([1., 1., 1.]), colorSpace='rgb', contrast=1.0, depth=-1.0, flipHoriz=False, flipVert=False, image='res/instruccion-experi.jpg', interpolate=True, mask=None, maskParams=None, name='instruccion_3', opacity=1, ori=0.0, pos=array([0., 0.]), size=array([1.8, 1. ]), texRes=128.0, units='height', win=Window(...))
12.3165 	EXP 	Sound soundEst set volume 1.000
12.3215 	EXP 	Created instr = TextStim(__class__=<class 'psychopy.visual.text.TextStim'>, alignHoriz=method-wrapper(...), alignText='center', alignVert=method-wrapper(...), anchorHoriz='center', anchorVert='center', antialias=True, autoLog=True, bold=False, color=array([-1., -1., -1.]), colorSpace='rgb', contrast=1.0, depth=0.0, flipHoriz=False, flipVert=False, font='Arial', fontFiles=[], height=0.05, italic=False, languageStyle='LTR', name='instr', opacity=1, ori=0, pos=array([0.  , 0.25]), rgb=UNKNOWN, text=str(...), units='height', win=Window(...), wrapWidth=1)
12.3227 	EXP 	Created text = TextStim(__class__=<class 'psychopy.visual.text.TextStim'>, alignHoriz=method-wrapper(...), alignText='center', alignVert=method-wrapper(...), anchorHoriz='center', anchorVert='center', antialias=True, autoLog=True, bold=False, color=array([-1., -1., -1.]), colorSpace='rgb', contrast=1.0, depth=-1.0, flipHoriz=False, flipVert=False, font='Arial', fontFiles=[], height=0.1, italic=False, languageStyle='LTR', name='text', opacity=1, ori=0, pos=array([ 0.  , -0.25]), rgb=UNKNOWN, text='', units='height', win=Window(...), wrapWidth=1)
12.3393 	EXP 	Created text_3 = TextStim(__class__=<class 'psychopy.visual.text.TextStim'>, alignHoriz=method-wrapper(...), alignText='center', alignVert=method-wrapper(...), anchorHoriz='center', anchorVert='center', antialias=True, autoLog=True, bold=False, color=array([-1., -1., -1.]), colorSpace='rgb', contrast=1.0, depth=0.0, flipHoriz=False, flipVert=False, font='Open Sans', fontFiles=[], height=0.075, italic=False, languageStyle='LTR', name='text_3', opacity=1, ori=0.0, pos=array([0., 0.]), rgb=UNKNOWN, text=str(...), units='height', win=Window(...), wrapWidth=1)
12.3595 	EXP 	image_2: autoDraw = True
19.3716 	EXP 	image_2: autoDraw = False
19.3716 	EXP 	instruccion: autoDraw = True
49.0051 	DATA 	Keypress: return
49.0208 	EXP 	instruccion: autoDraw = False
49.0208 	EXP 	instruccion_2: autoDraw = True
60.6228 	EXP 	Imported cond.xlsx as conditions, 6 conditions, 1 params
60.6232 	EXP 	Created sequence: random, trialTypes=6, nReps=1, seed=None
60.6234 	EXP 	New trial (rep=0, index=0): {'soundEstimulus': 'estimulos/6.wav'}
60.6257 	DATA 	Keypress: return
60.6335 	EXP 	instruccion_2: autoDraw = False
65.7558 	EXP 	testText: text = ''
65.7558 	EXP 	testText: autoDraw = True
65.7558 	EXP 	instr_2: autoDraw = True
76.1674 	DATA 	Keypress: num_1
76.1839 	EXP 	testText: height = 0.1
76.1839 	EXP 	testText: height = 0.1
76.1839 	EXP 	testText: text = '1'
76.6846 	DATA 	Keypress: num_decimal
76.7011 	EXP 	testText: height = 0.1
76.7011 	EXP 	testText: height = 0.1
76.7011 	EXP 	testText: text = '1.'
77.0851 	DATA 	Keypress: num_5
77.1015 	EXP 	testText: height = 0.1
77.1015 	EXP 	testText: height = 0.1
77.1015 	EXP 	testText: text = '1.5'
78.7035 	DATA 	Keypress: return
78.7042 	EXP 	New trial (rep=0, index=1): {'soundEstimulus': 'estimulos/1.wav'}
78.7199 	EXP 	testText: autoDraw = False
78.7199 	EXP 	instr_2: autoDraw = False
83.8422 	EXP 	testText: height = 0.1
83.8422 	EXP 	testText: height = 0.1
83.8422 	EXP 	testText: text = ''
83.8422 	EXP 	testText: autoDraw = True
83.8422 	EXP 	instr_2: autoDraw = True
85.1773 	DATA 	Keypress: num_1
85.1937 	EXP 	testText: height = 0.1
85.1937 	EXP 	testText: height = 0.1
85.1937 	EXP 	testText: text = '1'
86.0783 	DATA 	Keypress: return
86.0790 	EXP 	New trial (rep=0, index=2): {'soundEstimulus': 'estimulos/3.wav'}
86.0947 	EXP 	testText: autoDraw = False
86.0947 	EXP 	instr_2: autoDraw = False
91.2336 	EXP 	testText: height = 0.1
91.2336 	EXP 	testText: height = 0.1
91.2336 	EXP 	testText: text = ''
91.2336 	EXP 	testText: autoDraw = True
91.2336 	EXP 	instr_2: autoDraw = True
93.8534 	DATA 	Keypress: num_1
93.8699 	EXP 	testText: height = 0.1
93.8699 	EXP 	testText: height = 0.1
93.8699 	EXP 	testText: text = '1'
94.5207 	DATA 	Keypress: num_decimal
94.5373 	EXP 	testText: height = 0.1
94.5373 	EXP 	testText: height = 0.1
94.5373 	EXP 	testText: text = '1.'
95.5219 	DATA 	Keypress: num_7
95.5384 	EXP 	testText: height = 0.1
95.5384 	EXP 	testText: height = 0.1
95.5384 	EXP 	testText: text = '1.7'
96.9068 	DATA 	Keypress: num_5
96.9232 	EXP 	testText: height = 0.1
96.9232 	EXP 	testText: height = 0.1
96.9232 	EXP 	testText: text = '1.75'
97.3071 	DATA 	Keypress: return
97.3077 	EXP 	New trial (rep=0, index=3): {'soundEstimulus': 'estimulos/5.wav'}
97.3236 	EXP 	testText: autoDraw = False
97.3236 	EXP 	instr_2: autoDraw = False
102.4459 	EXP 	testText: height = 0.1
102.4459 	EXP 	testText: height = 0.1
102.4459 	EXP 	testText: text = ''
102.4459 	EXP 	testText: autoDraw = True
102.4459 	EXP 	instr_2: autoDraw = True
103.5473 	DATA 	Keypress: num_2
103.5638 	EXP 	testText: height = 0.1
103.5638 	EXP 	testText: height = 0.1
103.5638 	EXP 	testText: text = '2'
104.0813 	DATA 	Keypress: return
104.0821 	EXP 	New trial (rep=0, index=4): {'soundEstimulus': 'estimulos/2.wav'}
104.0977 	EXP 	testText: autoDraw = False
104.0977 	EXP 	instr_2: autoDraw = False
109.2200 	EXP 	testText: height = 0.1
109.2200 	EXP 	testText: height = 0.1
109.2200 	EXP 	testText: text = ''
109.2200 	EXP 	testText: autoDraw = True
109.2200 	EXP 	instr_2: autoDraw = True
110.9720 	DATA 	Keypress: num_1
110.9886 	EXP 	testText: height = 0.1
110.9886 	EXP 	testText: height = 0.1
110.9886 	EXP 	testText: text = '1'
111.5727 	DATA 	Keypress: num_decimal
111.5892 	EXP 	testText: height = 0.1
111.5892 	EXP 	testText: height = 0.1
111.5892 	EXP 	testText: text = '1.'
111.8898 	DATA 	Keypress: num_5
111.9062 	EXP 	testText: height = 0.1
111.9062 	EXP 	testText: height = 0.1
111.9062 	EXP 	testText: text = '1.5'
112.7239 	DATA 	Keypress: return
112.7245 	EXP 	New trial (rep=0, index=5): {'soundEstimulus': 'estimulos/4.wav'}
112.7405 	EXP 	testText: autoDraw = False
112.7405 	EXP 	instr_2: autoDraw = False
117.8628 	EXP 	testText: height = 0.1
117.8628 	EXP 	testText: height = 0.1
117.8628 	EXP 	testText: text = ''
117.8628 	EXP 	testText: autoDraw = True
117.8628 	EXP 	instr_2: autoDraw = True
119.1144 	DATA 	Keypress: num_2
119.1308 	EXP 	testText: height = 0.1
119.1308 	EXP 	testText: height = 0.1
119.1308 	EXP 	testText: text = '2'
119.7316 	DATA 	Keypress: return
119.7481 	EXP 	testText: autoDraw = False
119.7481 	EXP 	instr_2: autoDraw = False
119.7481 	EXP 	instruccion_3: autoDraw = True
150.1698 	EXP 	Imported cond.xlsx as conditions, 6 conditions, 1 params
150.1702 	EXP 	Created sequence: random, trialTypes=6, nReps=5, seed=None
150.1704 	EXP 	New trial (rep=0, index=0): {'soundEstimulus': 'estimulos/2.wav'}
150.1730 	DATA 	Keypress: return
150.1814 	EXP 	instruccion_3: autoDraw = False
155.3203 	EXP 	text: text = ''
155.3203 	EXP 	instr: autoDraw = True
155.3203 	EXP 	text: autoDraw = True
157.4062 	DATA 	Keypress: num_1
157.4227 	EXP 	text: height = 0.1
157.4227 	EXP 	text: height = 0.1
157.4227 	EXP 	text: text = '1'
157.7732 	DATA 	Keypress: num_decimal
157.7897 	EXP 	text: height = 0.1
157.7897 	EXP 	text: height = 0.1
157.7897 	EXP 	text: text = '1.'
158.5408 	DATA 	Keypress: num_7
158.5572 	EXP 	text: height = 0.1
158.5572 	EXP 	text: height = 0.1
158.5572 	EXP 	text: text = '1.7'
158.8089 	DATA 	Keypress: num_5
158.8410 	EXP 	text: height = 0.1
158.8410 	EXP 	text: height = 0.1
158.8410 	EXP 	text: text = '1.75'
159.4752 	DATA 	Keypress: return
159.4761 	EXP 	New trial (rep=0, index=1): {'soundEstimulus': 'estimulos/1.wav'}
159.4916 	EXP 	instr: autoDraw = False
159.4916 	EXP 	text: autoDraw = False
164.6138 	EXP 	text: height = 0.1
164.6138 	EXP 	text: height = 0.1
164.6138 	EXP 	text: text = ''
164.6138 	EXP 	instr: autoDraw = True
164.6138 	EXP 	text: autoDraw = True
165.0312 	DATA 	Keypress: num_1
165.0477 	EXP 	text: height = 0.1
165.0477 	EXP 	text: height = 0.1
165.0477 	EXP 	text: text = '1'
165.7319 	DATA 	Keypress: return
165.7325 	EXP 	New trial (rep=0, index=2): {'soundEstimulus': 'estimulos/6.wav'}
165.7485 	EXP 	instr: autoDraw = False
165.7485 	EXP 	text: autoDraw = False
170.8707 	EXP 	text: height = 0.1
170.8707 	EXP 	text: height = 0.1
170.8707 	EXP 	text: text = ''
170.8707 	EXP 	instr: autoDraw = True
170.8707 	EXP 	text: autoDraw = True
172.6908 	DATA 	Keypress: num_3
172.7228 	EXP 	text: height = 0.1
172.7228 	EXP 	text: height = 0.1
172.7228 	EXP 	text: text = '3'
174.8251 	DATA 	Keypress: backspace
174.8418 	EXP 	text: height = 0.1
174.8418 	EXP 	text: height = 0.1
174.8418 	EXP 	text: text = ''
175.7762 	DATA 	Keypress: num_2
175.7928 	EXP 	text: height = 0.1
175.7928 	EXP 	text: height = 0.1
175.7928 	EXP 	text: text = '2'
176.0765 	DATA 	Keypress: num_decimal
176.0931 	EXP 	text: height = 0.1
176.0931 	EXP 	text: height = 0.1
176.0931 	EXP 	text: text = '2.'
176.7940 	DATA 	Keypress: num_5
176.8106 	EXP 	text: height = 0.1
176.8106 	EXP 	text: height = 0.1
176.8106 	EXP 	text: text = '2.5'
178.2956 	DATA 	Keypress: backspace
178.3122 	EXP 	text: height = 0.1
178.3122 	EXP 	text: height = 0.1
178.3122 	EXP 	text: text = '2.'
178.9630 	DATA 	Keypress: num_5
178.9796 	EXP 	text: height = 0.1
178.9796 	EXP 	text: height = 0.1
178.9796 	EXP 	text: text = '2.5'
179.5638 	DATA 	Keypress: return
179.5644 	EXP 	New trial (rep=0, index=3): {'soundEstimulus': 'estimulos/3.wav'}
179.5802 	EXP 	instr: autoDraw = False
179.5802 	EXP 	text: autoDraw = False
184.7026 	EXP 	text: height = 0.1
184.7026 	EXP 	text: height = 0.1
184.7026 	EXP 	text: text = ''
184.7026 	EXP 	instr: autoDraw = True
184.7026 	EXP 	text: autoDraw = True
185.4201 	DATA 	Keypress: num_2
185.4367 	EXP 	text: height = 0.1
185.4367 	EXP 	text: height = 0.1
185.4367 	EXP 	text: text = '2'
186.0207 	DATA 	Keypress: return
186.0214 	EXP 	New trial (rep=0, index=4): {'soundEstimulus': 'estimulos/5.wav'}
186.0374 	EXP 	instr: autoDraw = False
186.0374 	EXP 	text: autoDraw = False
191.1596 	EXP 	text: height = 0.1
191.1596 	EXP 	text: height = 0.1
191.1596 	EXP 	text: text = ''
191.1596 	EXP 	instr: autoDraw = True
191.1596 	EXP 	text: autoDraw = True
191.7440 	DATA 	Keypress: num_3
191.7602 	EXP 	text: height = 0.1
191.7602 	EXP 	text: height = 0.1
191.7602 	EXP 	text: text = '3'
192.4277 	DATA 	Keypress: return
192.4284 	EXP 	New trial (rep=0, index=5): {'soundEstimulus': 'estimulos/4.wav'}
192.4444 	EXP 	instr: autoDraw = False
192.4444 	EXP 	text: autoDraw = False
197.5832 	EXP 	text: height = 0.1
197.5832 	EXP 	text: height = 0.1
197.5832 	EXP 	text: text = ''
197.5832 	EXP 	instr: autoDraw = True
197.5832 	EXP 	text: autoDraw = True
198.5679 	DATA 	Keypress: num_3
198.5843 	EXP 	text: height = 0.1
198.5843 	EXP 	text: height = 0.1
198.5843 	EXP 	text: text = '3'
198.8181 	DATA 	Keypress: num_decimal
198.8346 	EXP 	text: height = 0.1
198.8346 	EXP 	text: height = 0.1
198.8346 	EXP 	text: text = '3.'
199.6190 	DATA 	Keypress: num_5
199.6355 	EXP 	text: height = 0.1
199.6355 	EXP 	text: height = 0.1
199.6355 	EXP 	text: text = '3.5'
200.0361 	DATA 	Keypress: return
200.0368 	EXP 	New trial (rep=1, index=0): {'soundEstimulus': 'estimulos/4.wav'}
200.0526 	EXP 	instr: autoDraw = False
200.0526 	EXP 	text: autoDraw = False
205.1749 	EXP 	text: height = 0.1
205.1749 	EXP 	text: height = 0.1
205.1749 	EXP 	text: text = ''
205.1749 	EXP 	instr: autoDraw = True
205.1749 	EXP 	text: autoDraw = True
206.5766 	DATA 	Keypress: num_3
206.5932 	EXP 	text: height = 0.1
206.5932 	EXP 	text: height = 0.1
206.5932 	EXP 	text: text = '3'
206.8102 	DATA 	Keypress: num_decimal
206.8267 	EXP 	text: height = 0.1
206.8267 	EXP 	text: height = 0.1
206.8267 	EXP 	text: text = '3.'
207.1272 	DATA 	Keypress: num_5
207.1437 	EXP 	text: height = 0.1
207.1437 	EXP 	text: height = 0.1
207.1437 	EXP 	text: text = '3.5'
208.2284 	DATA 	Keypress: return
208.2291 	EXP 	New trial (rep=1, index=1): {'soundEstimulus': 'estimulos/3.wav'}
208.2449 	EXP 	instr: autoDraw = False
208.2449 	EXP 	text: autoDraw = False
213.3671 	EXP 	text: height = 0.1
213.3671 	EXP 	text: height = 0.1
213.3671 	EXP 	text: text = ''
213.3671 	EXP 	instr: autoDraw = True
213.3671 	EXP 	text: autoDraw = True
216.7878 	DATA 	Keypress: num_3
216.8042 	EXP 	text: height = 0.1
216.8042 	EXP 	text: height = 0.1
216.8042 	EXP 	text: text = '3'
220.8756 	DATA 	Keypress: num_decimal
220.8920 	EXP 	text: height = 0.1
220.8920 	EXP 	text: height = 0.1
220.8920 	EXP 	text: text = '3.'
222.5106 	DATA 	Keypress: num_5
222.5278 	EXP 	text: height = 0.1
222.5278 	EXP 	text: height = 0.1
222.5278 	EXP 	text: text = '3.5'
223.1782 	DATA 	Keypress: return
223.1789 	EXP 	New trial (rep=1, index=2): {'soundEstimulus': 'estimulos/6.wav'}
223.1946 	EXP 	instr: autoDraw = False
223.1946 	EXP 	text: autoDraw = False
228.3169 	EXP 	text: height = 0.1
228.3169 	EXP 	text: height = 0.1
228.3169 	EXP 	text: text = ''
228.3169 	EXP 	instr: autoDraw = True
228.3169 	EXP 	text: autoDraw = True
229.1679 	DATA 	Keypress: num_2
229.1846 	EXP 	text: height = 0.1
229.1846 	EXP 	text: height = 0.1
229.1846 	EXP 	text: text = '2'
229.6185 	DATA 	Keypress: return
229.6191 	EXP 	New trial (rep=1, index=3): {'soundEstimulus': 'estimulos/2.wav'}
229.6350 	EXP 	instr: autoDraw = False
229.6350 	EXP 	text: autoDraw = False
234.7573 	EXP 	text: height = 0.1
234.7573 	EXP 	text: height = 0.1
234.7573 	EXP 	text: text = ''
234.7573 	EXP 	instr: autoDraw = True
234.7573 	EXP 	text: autoDraw = True
237.4103 	DATA 	Keypress: num_1
237.4268 	EXP 	text: height = 0.1
237.4268 	EXP 	text: height = 0.1
237.4268 	EXP 	text: text = '1'
237.9109 	DATA 	Keypress: num_decimal
237.9273 	EXP 	text: height = 0.1
237.9273 	EXP 	text: height = 0.1
237.9273 	EXP 	text: text = '1.'
238.3613 	DATA 	Keypress: num_7
238.3779 	EXP 	text: height = 0.1
238.3779 	EXP 	text: height = 0.1
238.3779 	EXP 	text: text = '1.7'
238.6116 	DATA 	Keypress: num_5
238.6282 	EXP 	text: height = 0.1
238.6282 	EXP 	text: height = 0.1
238.6282 	EXP 	text: text = '1.75'
239.1623 	DATA 	Keypress: return
239.1631 	EXP 	New trial (rep=1, index=4): {'soundEstimulus': 'estimulos/1.wav'}
239.1787 	EXP 	instr: autoDraw = False
239.1787 	EXP 	text: autoDraw = False
244.3177 	EXP 	text: height = 0.1
244.3177 	EXP 	text: height = 0.1
244.3177 	EXP 	text: text = ''
244.3177 	EXP 	instr: autoDraw = True
244.3177 	EXP 	text: autoDraw = True
247.5880 	DATA 	Keypress: num_1
247.6047 	EXP 	text: height = 0.1
247.6047 	EXP 	text: height = 0.1
247.6047 	EXP 	text: text = '1'
248.0552 	DATA 	Keypress: num_decimal
248.0718 	EXP 	text: height = 0.1
248.0718 	EXP 	text: height = 0.1
248.0718 	EXP 	text: text = '1.'
248.4057 	DATA 	Keypress: num_5
248.4221 	EXP 	text: height = 0.1
248.4221 	EXP 	text: height = 0.1
248.4221 	EXP 	text: text = '1.5'
249.2234 	DATA 	Keypress: return
249.2242 	EXP 	New trial (rep=1, index=5): {'soundEstimulus': 'estimulos/5.wav'}
249.2397 	EXP 	instr: autoDraw = False
249.2397 	EXP 	text: autoDraw = False
254.3620 	EXP 	text: height = 0.1
254.3620 	EXP 	text: height = 0.1
254.3620 	EXP 	text: text = ''
254.3620 	EXP 	instr: autoDraw = True
254.3620 	EXP 	text: autoDraw = True
261.1205 	DATA 	Keypress: num_2
261.1360 	EXP 	text: height = 0.1
261.1360 	EXP 	text: height = 0.1
261.1360 	EXP 	text: text = '2'
261.6702 	DATA 	Keypress: return
261.6708 	EXP 	New trial (rep=2, index=0): {'soundEstimulus': 'estimulos/5.wav'}
261.6869 	EXP 	instr: autoDraw = False
261.6869 	EXP 	text: autoDraw = False
266.8090 	EXP 	text: height = 0.1
266.8090 	EXP 	text: height = 0.1
266.8090 	EXP 	text: text = ''
266.8090 	EXP 	instr: autoDraw = True
266.8090 	EXP 	text: autoDraw = True
268.7278 	DATA 	Keypress: num_2
268.7444 	EXP 	text: height = 0.1
268.7444 	EXP 	text: height = 0.1
268.7444 	EXP 	text: text = '2'
269.2951 	DATA 	Keypress: num_decimal
269.3116 	EXP 	text: height = 0.1
269.3116 	EXP 	text: height = 0.1
269.3116 	EXP 	text: text = '2.'
270.9136 	DATA 	Keypress: backspace
270.9301 	EXP 	text: height = 0.1
270.9301 	EXP 	text: height = 0.1
270.9301 	EXP 	text: text = '2'
273.5832 	DATA 	Keypress: num_decimal
273.5997 	EXP 	text: height = 0.1
273.5997 	EXP 	text: height = 0.1
273.5997 	EXP 	text: text = '2.'
273.9002 	DATA 	Keypress: num_1
273.9167 	EXP 	text: height = 0.1
273.9167 	EXP 	text: height = 0.1
273.9167 	EXP 	text: text = '2.1'
274.4341 	DATA 	Keypress: return
274.4348 	EXP 	New trial (rep=2, index=1): {'soundEstimulus': 'estimulos/2.wav'}
274.4506 	EXP 	instr: autoDraw = False
274.4506 	EXP 	text: autoDraw = False
279.5728 	EXP 	text: height = 0.1
279.5728 	EXP 	text: height = 0.1
279.5728 	EXP 	text: text = ''
279.5728 	EXP 	instr: autoDraw = True
279.5728 	EXP 	text: autoDraw = True
286.7643 	DATA 	Keypress: num_2
286.7975 	EXP 	text: height = 0.1
286.7975 	EXP 	text: height = 0.1
286.7975 	EXP 	text: text = '2'
287.2814 	DATA 	Keypress: return
287.2821 	EXP 	New trial (rep=2, index=2): {'soundEstimulus': 'estimulos/3.wav'}
287.2981 	EXP 	instr: autoDraw = False
287.2981 	EXP 	text: autoDraw = False
292.4369 	EXP 	text: height = 0.1
292.4369 	EXP 	text: height = 0.1
292.4369 	EXP 	text: text = ''
292.4369 	EXP 	instr: autoDraw = True
292.4369 	EXP 	text: autoDraw = True
306.4524 	DATA 	Keypress: num_2
306.4690 	EXP 	text: height = 0.1
306.4690 	EXP 	text: height = 0.1
306.4690 	EXP 	text: text = '2'
306.9363 	DATA 	Keypress: return
306.9370 	EXP 	New trial (rep=2, index=3): {'soundEstimulus': 'estimulos/4.wav'}
306.9528 	EXP 	instr: autoDraw = False
306.9528 	EXP 	text: autoDraw = False
312.0751 	EXP 	text: height = 0.1
312.0751 	EXP 	text: height = 0.1
312.0751 	EXP 	text: text = ''
312.0751 	EXP 	instr: autoDraw = True
312.0751 	EXP 	text: autoDraw = True
312.8260 	DATA 	Keypress: num_2
312.8426 	EXP 	text: height = 0.1
312.8426 	EXP 	text: height = 0.1
312.8426 	EXP 	text: text = '2'
313.1598 	DATA 	Keypress: num_decimal
313.1762 	EXP 	text: height = 0.1
313.1762 	EXP 	text: height = 0.1
313.1762 	EXP 	text: text = '2.'
313.4601 	DATA 	Keypress: num_5
313.4766 	EXP 	text: height = 0.1
313.4766 	EXP 	text: height = 0.1
313.4766 	EXP 	text: text = '2.5'
313.8772 	DATA 	Keypress: return
313.8779 	EXP 	New trial (rep=2, index=4): {'soundEstimulus': 'estimulos/1.wav'}
313.8937 	EXP 	instr: autoDraw = False
313.8937 	EXP 	text: autoDraw = False
319.0160 	EXP 	text: height = 0.1
319.0160 	EXP 	text: height = 0.1
319.0160 	EXP 	text: text = ''
319.0160 	EXP 	instr: autoDraw = True
319.0160 	EXP 	text: autoDraw = True
325.5900 	DATA 	Keypress: num_1
325.6066 	EXP 	text: height = 0.1
325.6066 	EXP 	text: height = 0.1
325.6066 	EXP 	text: text = '1'
326.2408 	DATA 	Keypress: num_decimal
326.2574 	EXP 	text: height = 0.1
326.2574 	EXP 	text: height = 0.1
326.2574 	EXP 	text: text = '1.'
326.5411 	DATA 	Keypress: num_5
326.5575 	EXP 	text: height = 0.1
326.5575 	EXP 	text: height = 0.1
326.5575 	EXP 	text: text = '1.5'
331.0459 	DATA 	Keypress: return
331.0466 	EXP 	New trial (rep=2, index=5): {'soundEstimulus': 'estimulos/6.wav'}
331.0625 	EXP 	instr: autoDraw = False
331.0625 	EXP 	text: autoDraw = False
336.2014 	EXP 	text: height = 0.1
336.2014 	EXP 	text: height = 0.1
336.2014 	EXP 	text: text = ''
336.2014 	EXP 	instr: autoDraw = True
336.2014 	EXP 	text: autoDraw = True
342.7754 	DATA 	Keypress: num_2
342.7920 	EXP 	text: height = 0.1
342.7920 	EXP 	text: height = 0.1
342.7920 	EXP 	text: text = '2'
343.0925 	DATA 	Keypress: num_decimal
343.1090 	EXP 	text: height = 0.1
343.1090 	EXP 	text: height = 0.1
343.1090 	EXP 	text: text = '2.'
343.5429 	DATA 	Keypress: num_7
343.5596 	EXP 	text: height = 0.1
343.5596 	EXP 	text: height = 0.1
343.5596 	EXP 	text: text = '2.7'
344.2938 	DATA 	Keypress: return
344.2946 	EXP 	New trial (rep=3, index=0): {'soundEstimulus': 'estimulos/1.wav'}
344.3104 	EXP 	instr: autoDraw = False
344.3104 	EXP 	text: autoDraw = False
349.4326 	EXP 	text: height = 0.1
349.4326 	EXP 	text: height = 0.1
349.4326 	EXP 	text: text = ''
349.4326 	EXP 	instr: autoDraw = True
349.4326 	EXP 	text: autoDraw = True
353.1868 	DATA 	Keypress: num_1
353.2034 	EXP 	text: height = 0.1
353.2034 	EXP 	text: height = 0.1
353.2034 	EXP 	text: text = '1'
353.9710 	DATA 	Keypress: num_decimal
353.9876 	EXP 	text: height = 0.1
353.9876 	EXP 	text: height = 0.1
353.9876 	EXP 	text: text = '1.'
354.3226 	DATA 	Keypress: num_5
354.3547 	EXP 	text: height = 0.1
354.3547 	EXP 	text: height = 0.1
354.3547 	EXP 	text: text = '1.5'
354.8887 	DATA 	Keypress: return
354.8894 	EXP 	New trial (rep=3, index=1): {'soundEstimulus': 'estimulos/6.wav'}
354.9052 	EXP 	instr: autoDraw = False
354.9052 	EXP 	text: autoDraw = False
360.0276 	EXP 	text: height = 0.1
360.0276 	EXP 	text: height = 0.1
360.0276 	EXP 	text: text = ''
360.0276 	EXP 	instr: autoDraw = True
360.0276 	EXP 	text: autoDraw = True
360.3446 	DATA 	Keypress: num_3
360.3611 	EXP 	text: height = 0.1
360.3611 	EXP 	text: height = 0.1
360.3611 	EXP 	text: text = '3'
364.6494 	DATA 	Keypress: return
364.6501 	EXP 	New trial (rep=3, index=2): {'soundEstimulus': 'estimulos/4.wav'}
364.6659 	EXP 	instr: autoDraw = False
364.6659 	EXP 	text: autoDraw = False
369.7881 	EXP 	text: height = 0.1
369.7881 	EXP 	text: height = 0.1
369.7881 	EXP 	text: text = ''
369.7881 	EXP 	instr: autoDraw = True
369.7881 	EXP 	text: autoDraw = True
371.3068 	DATA 	Keypress: num_3
371.3231 	EXP 	text: height = 0.1
371.3231 	EXP 	text: height = 0.1
371.3231 	EXP 	text: text = '3'
371.5583 	DATA 	Keypress: num_decimal
371.5901 	EXP 	text: height = 0.1
371.5901 	EXP 	text: height = 0.1
371.5901 	EXP 	text: text = '3.'
373.4757 	DATA 	Keypress: num_2
373.4923 	EXP 	text: height = 0.1
373.4923 	EXP 	text: height = 0.1
373.4923 	EXP 	text: text = '3.2'
373.6592 	DATA 	Keypress: num_5
373.6758 	EXP 	text: height = 0.1
373.6758 	EXP 	text: height = 0.1
373.6758 	EXP 	text: text = '3.25'
374.3601 	DATA 	Keypress: return
374.3607 	EXP 	New trial (rep=3, index=3): {'soundEstimulus': 'estimulos/5.wav'}
374.3765 	EXP 	instr: autoDraw = False
374.3765 	EXP 	text: autoDraw = False
379.4988 	EXP 	text: height = 0.1
379.4988 	EXP 	text: height = 0.1
379.4988 	EXP 	text: text = ''
379.4988 	EXP 	instr: autoDraw = True
379.4988 	EXP 	text: autoDraw = True
381.1842 	DATA 	Keypress: num_2
381.2006 	EXP 	text: height = 0.1
381.2006 	EXP 	text: height = 0.1
381.2006 	EXP 	text: text = '2'
381.9683 	DATA 	Keypress: num_decimal
381.9849 	EXP 	text: height = 0.1
381.9849 	EXP 	text: height = 0.1
381.9849 	EXP 	text: text = '2.'
382.2854 	DATA 	Keypress: num_5
382.3019 	EXP 	text: height = 0.1
382.3019 	EXP 	text: height = 0.1
382.3019 	EXP 	text: text = '2.5'
383.0529 	DATA 	Keypress: return
383.0536 	EXP 	New trial (rep=3, index=4): {'soundEstimulus': 'estimulos/3.wav'}
383.0693 	EXP 	instr: autoDraw = False
383.0693 	EXP 	text: autoDraw = False
388.1916 	EXP 	text: height = 0.1
388.1916 	EXP 	text: height = 0.1
388.1916 	EXP 	text: text = ''
388.1916 	EXP 	instr: autoDraw = True
388.1916 	EXP 	text: autoDraw = True
393.4976 	DATA 	Keypress: num_2
393.5141 	EXP 	text: height = 0.1
393.5141 	EXP 	text: height = 0.1
393.5141 	EXP 	text: text = '2'
393.9648 	DATA 	Keypress: num_decimal
393.9813 	EXP 	text: height = 0.1
393.9813 	EXP 	text: height = 0.1
393.9813 	EXP 	text: text = '2.'
395.6500 	DATA 	Keypress: num_7
395.6664 	EXP 	text: height = 0.1
395.6664 	EXP 	text: height = 0.1
395.6664 	EXP 	text: text = '2.7'
396.4008 	DATA 	Keypress: num_5
396.4173 	EXP 	text: height = 0.1
396.4173 	EXP 	text: height = 0.1
396.4173 	EXP 	text: text = '2.75'
397.0182 	DATA 	Keypress: return
397.0189 	EXP 	New trial (rep=3, index=5): {'soundEstimulus': 'estimulos/2.wav'}
397.0346 	EXP 	instr: autoDraw = False
397.0346 	EXP 	text: autoDraw = False
402.1736 	EXP 	text: height = 0.1
402.1736 	EXP 	text: height = 0.1
402.1736 	EXP 	text: text = ''
402.1736 	EXP 	instr: autoDraw = True
402.1736 	EXP 	text: autoDraw = True
402.6076 	DATA 	Keypress: num_2
402.6240 	EXP 	text: height = 0.1
402.6240 	EXP 	text: height = 0.1
402.6240 	EXP 	text: text = '2'
403.7254 	DATA 	Keypress: return
403.7261 	EXP 	New trial (rep=4, index=0): {'soundEstimulus': 'estimulos/6.wav'}
403.7419 	EXP 	instr: autoDraw = False
403.7419 	EXP 	text: autoDraw = False
408.8809 	EXP 	text: height = 0.1
408.8809 	EXP 	text: height = 0.1
408.8809 	EXP 	text: text = ''
408.8809 	EXP 	instr: autoDraw = True
408.8809 	EXP 	text: autoDraw = True
409.4483 	DATA 	Keypress: num_3
409.4649 	EXP 	text: height = 0.1
409.4649 	EXP 	text: height = 0.1
409.4649 	EXP 	text: text = '3'
411.3671 	DATA 	Keypress: return
411.3678 	EXP 	New trial (rep=4, index=1): {'soundEstimulus': 'estimulos/2.wav'}
411.3836 	EXP 	instr: autoDraw = False
411.3836 	EXP 	text: autoDraw = False
416.5059 	EXP 	text: height = 0.1
416.5059 	EXP 	text: height = 0.1
416.5059 	EXP 	text: text = ''
416.5059 	EXP 	instr: autoDraw = True
416.5059 	EXP 	text: autoDraw = True
423.0800 	DATA 	Keypress: num_3
423.0964 	EXP 	text: height = 0.1
423.0964 	EXP 	text: height = 0.1
423.0964 	EXP 	text: text = '3'
425.0484 	DATA 	Keypress: backspace
425.0652 	EXP 	text: height = 0.1
425.0652 	EXP 	text: height = 0.1
425.0652 	EXP 	text: text = ''
426.2834 	DATA 	Keypress: num_2
426.3000 	EXP 	text: height = 0.1
426.3000 	EXP 	text: height = 0.1
426.3000 	EXP 	text: text = '2'
426.7673 	DATA 	Keypress: return
426.7681 	EXP 	New trial (rep=4, index=2): {'soundEstimulus': 'estimulos/5.wav'}
426.7838 	EXP 	instr: autoDraw = False
426.7838 	EXP 	text: autoDraw = False
431.9061 	EXP 	text: height = 0.1
431.9061 	EXP 	text: height = 0.1
431.9061 	EXP 	text: text = ''
431.9061 	EXP 	instr: autoDraw = True
431.9061 	EXP 	text: autoDraw = True
432.2066 	DATA 	Keypress: num_2
432.2231 	EXP 	text: height = 0.1
432.2231 	EXP 	text: height = 0.1
432.2231 	EXP 	text: text = '2'
434.5258 	DATA 	Keypress: num_decimal
434.5427 	EXP 	text: height = 0.1
434.5427 	EXP 	text: height = 0.1
434.5427 	EXP 	text: text = '2.'
435.3601 	DATA 	Keypress: num_2
435.3765 	EXP 	text: height = 0.1
435.3765 	EXP 	text: height = 0.1
435.3765 	EXP 	text: text = '2.2'
435.5602 	DATA 	Keypress: num_5
435.5768 	EXP 	text: height = 0.1
435.5768 	EXP 	text: height = 0.1
435.5768 	EXP 	text: text = '2.25'
435.9440 	DATA 	Keypress: return
435.9447 	EXP 	New trial (rep=4, index=3): {'soundEstimulus': 'estimulos/1.wav'}
435.9605 	EXP 	instr: autoDraw = False
435.9605 	EXP 	text: autoDraw = False
441.0994 	EXP 	text: height = 0.1
441.0994 	EXP 	text: height = 0.1
441.0994 	EXP 	text: text = ''
441.0994 	EXP 	instr: autoDraw = True
441.0994 	EXP 	text: autoDraw = True
446.1051 	DATA 	Keypress: num_1
446.1216 	EXP 	text: height = 0.1
446.1216 	EXP 	text: height = 0.1
446.1216 	EXP 	text: text = '1'
446.7574 	DATA 	Keypress: num_decimal
446.7890 	EXP 	text: height = 0.1
446.7890 	EXP 	text: height = 0.1
446.7890 	EXP 	text: text = '1.'
449.9259 	DATA 	Keypress: num_7
449.9425 	EXP 	text: height = 0.1
449.9425 	EXP 	text: height = 0.1
449.9425 	EXP 	text: text = '1.7'
450.2429 	DATA 	Keypress: num_5
450.2595 	EXP 	text: height = 0.1
450.2595 	EXP 	text: height = 0.1
450.2595 	EXP 	text: text = '1.75'
451.0271 	DATA 	Keypress: return
451.0278 	EXP 	New trial (rep=4, index=4): {'soundEstimulus': 'estimulos/4.wav'}
451.0437 	EXP 	instr: autoDraw = False
451.0437 	EXP 	text: autoDraw = False
456.1659 	EXP 	text: height = 0.1
456.1659 	EXP 	text: height = 0.1
456.1659 	EXP 	text: text = ''
456.1659 	EXP 	instr: autoDraw = True
456.1659 	EXP 	text: autoDraw = True
456.8669 	DATA 	Keypress: num_2
456.8834 	EXP 	text: height = 0.1
456.8834 	EXP 	text: height = 0.1
456.8834 	EXP 	text: text = '2'
458.3188 	DATA 	Keypress: return
458.3197 	EXP 	New trial (rep=4, index=5): {'soundEstimulus': 'estimulos/3.wav'}
458.3350 	EXP 	instr: autoDraw = False
458.3350 	EXP 	text: autoDraw = False
463.4572 	EXP 	text: height = 0.1
463.4572 	EXP 	text: height = 0.1
463.4572 	EXP 	text: text = ''
463.4572 	EXP 	instr: autoDraw = True
463.4572 	EXP 	text: autoDraw = True
463.7912 	DATA 	Keypress: num_2
463.8076 	EXP 	text: height = 0.1
463.8076 	EXP 	text: height = 0.1
463.8076 	EXP 	text: text = '2'
464.4919 	DATA 	Keypress: num_decimal
464.5084 	EXP 	text: height = 0.1
464.5084 	EXP 	text: height = 0.1
464.5084 	EXP 	text: text = '2.'
464.8589 	DATA 	Keypress: num_2
464.8755 	EXP 	text: height = 0.1
464.8755 	EXP 	text: height = 0.1
464.8755 	EXP 	text: text = '2.2'
465.9946 	DATA 	Keypress: num_5
466.0267 	EXP 	text: height = 0.1
466.0267 	EXP 	text: height = 0.1
466.0267 	EXP 	text: text = '2.25'
466.9112 	DATA 	Keypress: return
466.9277 	EXP 	instr: autoDraw = False
466.9277 	EXP 	text: autoDraw = False
466.9277 	EXP 	text_3: autoDraw = True
471.9332 	EXP 	text_3: autoDraw = False
472.0414 	EXP 	window1: mouseVisible = True
