12.6752 	EXP 	Created window1 = Window(allowGUI=False, allowStencil=False, autoLog=True, backendConf=UNKNOWN, bitsMode=UNKNOWN, blendMode='avg', bpc=(8, 8, 8), color=array([1., 1., 1.]), colorSpace='rgb', depthBits=8, fullscr=<method-wrapper '__getattribute__' of attributeSetter object at 0x000001C7A7990FD0>, gamma=None, gammaErrorPolicy='raise', lms=UNKNOWN, monitor=<psychopy.monitors.calibTools.Monitor object at 0x000001C7A962FAC0>, multiSample=False, name='window1', numSamples=2, pos=(0, 0), screen=0, size=array([1366,  768]), stencilBits=0, stereo=False, units='height', useFBO=True, useRetina=False, viewOri=0.0, viewPos=None, viewScale=None, waitBlanking=True, winType='pyglet')
12.6756 	EXP 	window1: mouseVisible = True
12.6757 	EXP 	window1: Attempting to measure frame rate of screen (0) ...
12.6758 	EXP 	window1: recordFrameIntervals = False
12.8412 	EXP 	window1: recordFrameIntervals = True
13.0242 	EXP 	Screen (0) actual frame rate measured at 59.89Hz
13.0243 	EXP 	window1: recordFrameIntervals = False
15.6158 	EXP 	Created image_2 = ImageStim(__class__=<class 'psychopy.visual.image.ImageStim'>, anchor=('center', 'center'), autoLog=True, color=array([1., 1., 1.]), colorSpace='rgb', contrast=1.0, depth=0.0, flipHoriz=False, flipVert=False, image='res/caratula.jpg', interpolate=True, mask=None, maskParams=None, name='image_2', opacity=1, ori=0.0, pos=array([0., 0.]), size=array([1.8, 1. ]), texRes=128.0, units='height', win=Window(...))
15.6673 	EXP 	Created instruccion = ImageStim(__class__=<class 'psychopy.visual.image.ImageStim'>, anchor=('center', 'center'), autoLog=True, color=array([1., 1., 1.]), colorSpace='rgb', contrast=1.0, depth=-1.0, flipHoriz=False, flipVert=False, image='res/instruccion.jpg', interpolate=True, mask=None, maskParams=None, name='instruccion', opacity=1, ori=0.0, pos=array([0., 0.]), size=array([1.8, 1. ]), texRes=128.0, units='height', win=Window(...))
15.7718 	EXP 	Created test_izq = TextStim(__class__=<class 'psychopy.visual.text.TextStim'>, alignHoriz=method-wrapper(...), alignText='center', alignVert=method-wrapper(...), anchorHoriz='center', anchorVert='center', antialias=True, autoLog=True, bold=False, color=array([-1., -1., -1.]), colorSpace='rgb', contrast=1.0, depth=0.0, flipHoriz=False, flipVert=False, font='Open Sans', fontFiles=[], height=0.05000000000000001, italic=False, languageStyle='LTR', name='test_izq', opacity=1, ori=0.0, pos=array([0., 0.]), rgb=UNKNOWN, text=str(...), units='height', win=Window(...), wrapWidth=1)
16.0170 	EXP 	Sound  set volume 1.000
16.0302 	EXP 	Created text_der = TextStim(__class__=<class 'psychopy.visual.text.TextStim'>, alignHoriz=method-wrapper(...), alignText='center', alignVert=method-wrapper(...), anchorHoriz='center', anchorVert='center', antialias=True, autoLog=True, bold=False, color=array([-1., -1., -1.]), colorSpace='rgb', contrast=1.0, depth=0.0, flipHoriz=False, flipVert=False, font='Open Sans', fontFiles=[], height=0.05000000000000001, italic=False, languageStyle='LTR', name='text_der', opacity=1, ori=0.0, pos=array([0., 0.]), rgb=UNKNOWN, text=str(...), units='height', win=Window(...), wrapWidth=1)
16.0407 	EXP 	Sound  set volume 1.000
16.0899 	EXP 	Created instruccion_2 = ImageStim(__class__=<class 'psychopy.visual.image.ImageStim'>, anchor=('center', 'center'), autoLog=True, color=array([1., 1., 1.]), colorSpace='rgb', contrast=1.0, depth=0.0, flipHoriz=False, flipVert=False, image='res/instruccion-prueba.jpg', interpolate=True, mask=None, maskParams=None, name='instruccion_2', opacity=1, ori=0.0, pos=array([0., 0.]), size=array([1.8, 1. ]), texRes=128.0, units='height', win=Window(...))
16.1072 	EXP 	Sound soundEst set volume 1.000
16.1114 	EXP 	Created testText = TextStim(__class__=<class 'psychopy.visual.text.TextStim'>, alignHoriz=method-wrapper(...), alignText='center', alignVert=method-wrapper(...), anchorHoriz='center', anchorVert='center', antialias=True, autoLog=True, bold=False, color=array([-1., -1., -1.]), colorSpace='rgb', contrast=1.0, depth=0.0, flipHoriz=False, flipVert=False, font='Arial', fontFiles=[], height=0.10000000000000002, italic=False, languageStyle='LTR', name='testText', opacity=1, ori=0, pos=array([ 0.  , -0.25]), rgb=UNKNOWN, text='', units='height', win=Window(...), wrapWidth=1)
16.1339 	EXP 	Created instr_2 = TextStim(__class__=<class 'psychopy.visual.text.TextStim'>, alignHoriz=method-wrapper(...), alignText='center', alignVert=method-wrapper(...), anchorHoriz='center', anchorVert='center', antialias=True, autoLog=True, bold=False, color=array([-1., -1., -1.]), colorSpace='rgb', contrast=1.0, depth=-1.0, flipHoriz=False, flipVert=False, font='Arial', fontFiles=[], height=0.05000000000000001, italic=False, languageStyle='LTR', name='instr_2', opacity=1, ori=0, pos=array([0.  , 0.25]), rgb=UNKNOWN, text=str(...), units='height', win=Window(...), wrapWidth=1)
16.1815 	EXP 	Created instruccion_3 = ImageStim(__class__=<class 'psychopy.visual.image.ImageStim'>, anchor=('center', 'center'), autoLog=True, color=array([1., 1., 1.]), colorSpace='rgb', contrast=1.0, depth=-1.0, flipHoriz=False, flipVert=False, image='res/instruccion-experi.jpg', interpolate=True, mask=None, maskParams=None, name='instruccion_3', opacity=1, ori=0.0, pos=array([0., 0.]), size=array([1.8, 1. ]), texRes=128.0, units='height', win=Window(...))
16.1983 	EXP 	Sound soundEst set volume 1.000
16.2152 	EXP 	Created instr = TextStim(__class__=<class 'psychopy.visual.text.TextStim'>, alignHoriz=method-wrapper(...), alignText='center', alignVert=method-wrapper(...), anchorHoriz='center', anchorVert='center', antialias=True, autoLog=True, bold=False, color=array([-1., -1., -1.]), colorSpace='rgb', contrast=1.0, depth=0.0, flipHoriz=False, flipVert=False, font='Arial', fontFiles=[], height=0.05000000000000001, italic=False, languageStyle='LTR', name='instr', opacity=1, ori=0, pos=array([0.  , 0.25]), rgb=UNKNOWN, text=str(...), units='height', win=Window(...), wrapWidth=1)
16.2174 	EXP 	Created text = TextStim(__class__=<class 'psychopy.visual.text.TextStim'>, alignHoriz=method-wrapper(...), alignText='center', alignVert=method-wrapper(...), anchorHoriz='center', anchorVert='center', antialias=True, autoLog=True, bold=False, color=array([-1., -1., -1.]), colorSpace='rgb', contrast=1.0, depth=-1.0, flipHoriz=False, flipVert=False, font='Arial', fontFiles=[], height=0.10000000000000002, italic=False, languageStyle='LTR', name='text', opacity=1, ori=0, pos=array([ 0.  , -0.25]), rgb=UNKNOWN, text='', units='height', win=Window(...), wrapWidth=1)
16.2423 	EXP 	Created text_3 = TextStim(__class__=<class 'psychopy.visual.text.TextStim'>, alignHoriz=method-wrapper(...), alignText='center', alignVert=method-wrapper(...), anchorHoriz='center', anchorVert='center', antialias=True, autoLog=True, bold=False, color=array([-1., -1., -1.]), colorSpace='rgb', contrast=1.0, depth=0.0, flipHoriz=False, flipVert=False, font='Open Sans', fontFiles=[], height=0.075, italic=False, languageStyle='LTR', name='text_3', opacity=1, ori=0.0, pos=array([0., 0.]), rgb=UNKNOWN, text=str(...), units='height', win=Window(...), wrapWidth=1)
16.2488 	EXP 	image_2: autoDraw = True
23.2577 	EXP 	image_2: autoDraw = False
23.2577 	EXP 	image_2: autoDraw = False
23.2577 	EXP 	instruccion: autoDraw = True
24.3419 	EXP 	Sound  started
24.3450 	DATA 	Keypress: return
24.3584 	EXP 	instruccion: autoDraw = False
24.3584 	EXP 	test_izq: autoDraw = True
25.9258 	EXP 	Sound  stopped
25.9258 	EXP 	Sound  started
25.9278 	DATA 	Keypress: return
25.9326 	EXP 	test_izq: autoDraw = False
25.9326 	EXP 	text_der: autoDraw = True
26.7758 	EXP 	Sound  stopped
26.7771 	DATA 	Keypress: return
26.7826 	EXP 	text_der: autoDraw = False
26.7826 	EXP 	instruccion_2: autoDraw = True
27.2505 	EXP 	Imported cond.xlsx as conditions, 6 conditions, 1 params
27.2511 	EXP 	Created sequence: random, trialTypes=6, nReps=1, seed=None
27.2514 	EXP 	New trial (rep=0, index=0): {'soundEstimulus': 'estimulos/3.wav'}
27.2577 	EXP 	Sound soundEst started
27.2587 	DATA 	Keypress: return
27.2634 	EXP 	instruccion_2: autoDraw = False
32.3847 	EXP 	Sound soundEst reached end of file
32.3945 	EXP 	testText: text = ''
32.3945 	EXP 	testText: autoDraw = True
32.3945 	EXP 	instr_2: autoDraw = True
33.4115 	DATA 	Keypress: escape
33.4419 	EXP 	testText: text = ''
34.1239 	EXP 	window1: mouseVisible = True
