1.3406 	WARNING 	We strongly recommend you activate the PTB sound engine in PsychoPy prefs as the preferred audio engine. Its timing is vastly superior. Your prefs are currently set to use ['sounddevice'] (in that order).
155.1489 	EXP 	Created window1 = Window(allowGUI=False, allowStencil=False, autoLog=True, backendConf=UNKNOWN, bitsMode=UNKNOWN, blendMode='avg', bpc=(8, 8, 8), color=array([1., 1., 1.]), colorSpace='rgb', depthBits=8, fullscr=<method-wrapper '__getattribute__' of attributeSetter object at 0x0000022E31CCEBE0>, gamma=None, gammaErrorPolicy='raise', lms=UNKNOWN, monitor=<psychopy.monitors.calibTools.Monitor object at 0x0000022E31DF9790>, multiSample=False, name='window1', numSamples=2, pos=(0, 0), screen=0, size=array([1920, 1080]), stencilBits=0, stereo=False, units='height', useFBO=True, useRetina=False, viewOri=0.0, viewPos=None, viewScale=None, waitBlanking=True, winType='pyglet')
155.1492 	EXP 	window1: mouseVisible = True
155.1492 	EXP 	window1: Attempting to measure frame rate of screen (0) ...
155.1492 	EXP 	window1: recordFrameIntervals = False
155.3155 	EXP 	window1: recordFrameIntervals = True
155.4990 	EXP 	Screen (0) actual frame rate measured at 59.96Hz
155.4991 	EXP 	window1: recordFrameIntervals = False
157.0782 	EXP 	Created image_2 = ImageStim(__class__=<class 'psychopy.visual.image.ImageStim'>, anchor=('center', 'center'), autoLog=True, color=array([1., 1., 1.]), colorSpace='rgb', contrast=1.0, depth=0.0, flipHoriz=False, flipVert=False, image='res/caratula.jpg', interpolate=True, mask=None, maskParams=None, name='image_2', opacity=1, ori=0.0, pos=array([0., 0.]), size=array([1.8, 1. ]), texRes=128.0, units='height', win=Window(...))
157.1330 	EXP 	Created instruccion = ImageStim(__class__=<class 'psychopy.visual.image.ImageStim'>, anchor=('center', 'center'), autoLog=True, color=array([1., 1., 1.]), colorSpace='rgb', contrast=1.0, depth=-1.0, flipHoriz=False, flipVert=False, image='res/instruccion.jpg', interpolate=True, mask=None, maskParams=None, name='instruccion', opacity=1, ori=0.0, pos=array([0., 0.]), size=array([1.8, 1. ]), texRes=128.0, units='height', win=Window(...))
157.1884 	EXP 	Created instruccion_2 = ImageStim(__class__=<class 'psychopy.visual.image.ImageStim'>, anchor=('center', 'center'), autoLog=True, color=array([1., 1., 1.]), colorSpace='rgb', contrast=1.0, depth=0.0, flipHoriz=False, flipVert=False, image='res/instruccion-prueba.jpg', interpolate=True, mask=None, maskParams=None, name='instruccion_2', opacity=1, ori=0.0, pos=array([0., 0.]), size=array([1.8, 1. ]), texRes=128.0, units='height', win=Window(...))
157.2319 	EXP 	Sound soundEst set volume 1.000
157.2687 	EXP 	Created testText = TextStim(__class__=<class 'psychopy.visual.text.TextStim'>, alignHoriz=method-wrapper(...), alignText='center', alignVert=method-wrapper(...), anchorHoriz='center', anchorVert='center', antialias=True, autoLog=True, bold=False, color=array([-1., -1., -1.]), colorSpace='rgb', contrast=1.0, depth=0.0, flipHoriz=False, flipVert=False, font='Arial', fontFiles=[], height=0.1, italic=False, languageStyle='LTR', name='testText', opacity=1, ori=0, pos=array([ 0.  , -0.25]), rgb=UNKNOWN, text='', units='height', win=Window(...), wrapWidth=1)
157.2877 	EXP 	Created instr_2 = TextStim(__class__=<class 'psychopy.visual.text.TextStim'>, alignHoriz=method-wrapper(...), alignText='center', alignVert=method-wrapper(...), anchorHoriz='center', anchorVert='center', antialias=True, autoLog=True, bold=False, color=array([-1., -1., -1.]), colorSpace='rgb', contrast=1.0, depth=-1.0, flipHoriz=False, flipVert=False, font='Arial', fontFiles=[], height=0.05, italic=False, languageStyle='LTR', name='instr_2', opacity=1, ori=0, pos=array([0.  , 0.25]), rgb=UNKNOWN, text=str(...), units='height', win=Window(...), wrapWidth=1)
157.3421 	EXP 	Created instruccion_3 = ImageStim(__class__=<class 'psychopy.visual.image.ImageStim'>, anchor=('center', 'center'), autoLog=True, color=array([1., 1., 1.]), colorSpace='rgb', contrast=1.0, depth=-1.0, flipHoriz=False, flipVert=False, image='res/instruccion-experi.jpg', interpolate=True, mask=None, maskParams=None, name='instruccion_3', opacity=1, ori=0.0, pos=array([0., 0.]), size=array([1.8, 1. ]), texRes=128.0, units='height', win=Window(...))
157.3421 	EXP 	Sound soundEst set volume 1.000
157.3472 	EXP 	Created instr = TextStim(__class__=<class 'psychopy.visual.text.TextStim'>, alignHoriz=method-wrapper(...), alignText='center', alignVert=method-wrapper(...), anchorHoriz='center', anchorVert='center', antialias=True, autoLog=True, bold=False, color=array([-1., -1., -1.]), colorSpace='rgb', contrast=1.0, depth=0.0, flipHoriz=False, flipVert=False, font='Arial', fontFiles=[], height=0.05, italic=False, languageStyle='LTR', name='instr', opacity=1, ori=0, pos=array([0.  , 0.25]), rgb=UNKNOWN, text=str(...), units='height', win=Window(...), wrapWidth=1)
157.3485 	EXP 	Created text = TextStim(__class__=<class 'psychopy.visual.text.TextStim'>, alignHoriz=method-wrapper(...), alignText='center', alignVert=method-wrapper(...), anchorHoriz='center', anchorVert='center', antialias=True, autoLog=True, bold=False, color=array([-1., -1., -1.]), colorSpace='rgb', contrast=1.0, depth=-1.0, flipHoriz=False, flipVert=False, font='Arial', fontFiles=[], height=0.1, italic=False, languageStyle='LTR', name='text', opacity=1, ori=0, pos=array([ 0.  , -0.25]), rgb=UNKNOWN, text='', units='height', win=Window(...), wrapWidth=1)
157.3660 	EXP 	Created text_3 = TextStim(__class__=<class 'psychopy.visual.text.TextStim'>, alignHoriz=method-wrapper(...), alignText='center', alignVert=method-wrapper(...), anchorHoriz='center', anchorVert='center', antialias=True, autoLog=True, bold=False, color=array([-1., -1., -1.]), colorSpace='rgb', contrast=1.0, depth=0.0, flipHoriz=False, flipVert=False, font='Open Sans', fontFiles=[], height=0.075, italic=False, languageStyle='LTR', name='text_3', opacity=1, ori=0.0, pos=array([0., 0.]), rgb=UNKNOWN, text=str(...), units='height', win=Window(...), wrapWidth=1)
157.3880 	EXP 	image_2: autoDraw = True
164.3919 	EXP 	image_2: autoDraw = False
164.3919 	EXP 	instruccion: autoDraw = True
180.5105 	DATA 	Keypress: return
180.5262 	EXP 	instruccion: autoDraw = False
180.5262 	EXP 	instruccion_2: autoDraw = True
186.1051 	EXP 	Imported cond.xlsx as conditions, 6 conditions, 1 params
186.1055 	EXP 	Created sequence: random, trialTypes=6, nReps=1, seed=None
186.1056 	EXP 	New trial (rep=0, index=0): {'soundEstimulus': 'estimulos/6.wav'}
186.1080 	DATA 	Keypress: return
186.1157 	EXP 	instruccion_2: autoDraw = False
191.2547 	EXP 	testText: text = ''
191.2547 	EXP 	testText: autoDraw = True
191.2547 	EXP 	instr_2: autoDraw = True
202.2169 	DATA 	Keypress: num_1
202.2334 	EXP 	testText: height = 0.1
202.2334 	EXP 	testText: height = 0.1
202.2334 	EXP 	testText: text = '1'
204.2023 	DATA 	Keypress: return
204.2031 	EXP 	New trial (rep=0, index=1): {'soundEstimulus': 'estimulos/4.wav'}
204.2189 	EXP 	testText: autoDraw = False
204.2189 	EXP 	instr_2: autoDraw = False
209.3412 	EXP 	testText: height = 0.1
209.3412 	EXP 	testText: height = 0.1
209.3412 	EXP 	testText: text = ''
209.3412 	EXP 	testText: autoDraw = True
209.3412 	EXP 	instr_2: autoDraw = True
218.7849 	DATA 	Keypress: num_2
218.8015 	EXP 	testText: height = 0.1
218.8015 	EXP 	testText: height = 0.1
218.8015 	EXP 	testText: text = '2'
219.9529 	DATA 	Keypress: return
219.9535 	EXP 	New trial (rep=0, index=2): {'soundEstimulus': 'estimulos/2.wav'}
219.9694 	EXP 	testText: autoDraw = False
219.9694 	EXP 	instr_2: autoDraw = False
225.0917 	EXP 	testText: height = 0.1
225.0917 	EXP 	testText: height = 0.1
225.0917 	EXP 	testText: text = ''
225.0917 	EXP 	testText: autoDraw = True
225.0917 	EXP 	instr_2: autoDraw = True
235.7034 	DATA 	Keypress: num_0
235.7200 	EXP 	testText: height = 0.1
235.7200 	EXP 	testText: height = 0.1
235.7200 	EXP 	testText: text = '0'
236.9381 	DATA 	Keypress: comma
236.9547 	EXP 	testText: height = 0.1
236.9547 	EXP 	testText: height = 0.1
236.9547 	EXP 	testText: text = '0,'
237.8725 	DATA 	Keypress: num_5
237.8890 	EXP 	testText: height = 0.1
237.8890 	EXP 	testText: height = 0.1
237.8890 	EXP 	testText: text = '0,5'
239.9414 	DATA 	Keypress: return
239.9420 	EXP 	New trial (rep=0, index=3): {'soundEstimulus': 'estimulos/3.wav'}
239.9579 	EXP 	testText: autoDraw = False
239.9579 	EXP 	instr_2: autoDraw = False
245.0802 	EXP 	testText: height = 0.1
245.0802 	EXP 	testText: height = 0.1
245.0802 	EXP 	testText: text = ''
245.0802 	EXP 	testText: autoDraw = True
245.0802 	EXP 	instr_2: autoDraw = True
251.0536 	DATA 	Keypress: num_1
251.0701 	EXP 	testText: height = 0.1
251.0701 	EXP 	testText: height = 0.1
251.0701 	EXP 	testText: text = '1'
252.6232 	DATA 	Keypress: return
252.6390 	EXP 	New trial (rep=0, index=4): {'soundEstimulus': 'estimulos/5.wav'}
252.6551 	EXP 	testText: autoDraw = False
252.6551 	EXP 	instr_2: autoDraw = False
257.7774 	EXP 	testText: height = 0.1
257.7774 	EXP 	testText: height = 0.1
257.7774 	EXP 	testText: text = ''
257.7774 	EXP 	testText: autoDraw = True
257.7774 	EXP 	instr_2: autoDraw = True
262.5328 	DATA 	Keypress: num_1
262.5493 	EXP 	testText: height = 0.1
262.5493 	EXP 	testText: height = 0.1
262.5493 	EXP 	testText: text = '1'
263.5839 	DATA 	Keypress: comma
263.6004 	EXP 	testText: height = 0.1
263.6004 	EXP 	testText: height = 0.1
263.6004 	EXP 	testText: text = '1,'
264.3848 	DATA 	Keypress: num_5
264.4013 	EXP 	testText: height = 0.1
264.4013 	EXP 	testText: height = 0.1
264.4013 	EXP 	testText: text = '1,5'
265.8364 	DATA 	Keypress: return
265.8370 	EXP 	New trial (rep=0, index=5): {'soundEstimulus': 'estimulos/1.wav'}
265.8529 	EXP 	testText: autoDraw = False
265.8529 	EXP 	instr_2: autoDraw = False
270.9752 	EXP 	testText: height = 0.1
270.9752 	EXP 	testText: height = 0.1
270.9752 	EXP 	testText: text = ''
270.9752 	EXP 	testText: autoDraw = True
270.9752 	EXP 	instr_2: autoDraw = True
272.0932 	DATA 	Keypress: num_0
272.1097 	EXP 	testText: height = 0.1
272.1097 	EXP 	testText: height = 0.1
272.1097 	EXP 	testText: text = '0'
272.7940 	DATA 	Keypress: comma
272.8105 	EXP 	testText: height = 0.1
272.8105 	EXP 	testText: height = 0.1
272.8105 	EXP 	testText: text = '0,'
273.3947 	DATA 	Keypress: num_5
273.4112 	EXP 	testText: height = 0.1
273.4112 	EXP 	testText: height = 0.1
273.4112 	EXP 	testText: text = '0,5'
274.8963 	DATA 	Keypress: return
274.9128 	EXP 	testText: autoDraw = False
274.9128 	EXP 	instr_2: autoDraw = False
274.9128 	EXP 	instruccion_3: autoDraw = True
307.2366 	EXP 	Imported cond.xlsx as conditions, 6 conditions, 1 params
307.2369 	EXP 	Created sequence: sequential, trialTypes=6, nReps=7, seed=None
307.2371 	EXP 	New trial (rep=0, index=0): {'soundEstimulus': 'estimulos/1.wav'}
307.2397 	DATA 	Keypress: return
307.2481 	EXP 	instruccion_3: autoDraw = False
312.3704 	EXP 	text: text = ''
312.3704 	EXP 	instr: autoDraw = True
312.3704 	EXP 	text: autoDraw = True
315.8744 	DATA 	Keypress: num_1
315.8909 	EXP 	text: height = 0.1
315.8909 	EXP 	text: height = 0.1
315.8909 	EXP 	text: text = '1'
316.5918 	DATA 	Keypress: return
316.5926 	EXP 	New trial (rep=0, index=1): {'soundEstimulus': 'estimulos/2.wav'}
316.6084 	EXP 	instr: autoDraw = False
316.6084 	EXP 	text: autoDraw = False
321.7306 	EXP 	text: height = 0.1
321.7306 	EXP 	text: height = 0.1
321.7306 	EXP 	text: text = ''
321.7306 	EXP 	instr: autoDraw = True
321.7306 	EXP 	text: autoDraw = True
322.0478 	DATA 	Keypress: num_2
322.0643 	EXP 	text: height = 0.1
322.0643 	EXP 	text: height = 0.1
322.0643 	EXP 	text: text = '2'
322.8821 	DATA 	Keypress: return
322.8828 	EXP 	New trial (rep=0, index=2): {'soundEstimulus': 'estimulos/3.wav'}
322.8986 	EXP 	instr: autoDraw = False
322.8986 	EXP 	text: autoDraw = False
328.0375 	EXP 	text: height = 0.1
328.0375 	EXP 	text: height = 0.1
328.0375 	EXP 	text: text = ''
328.0375 	EXP 	instr: autoDraw = True
328.0375 	EXP 	text: autoDraw = True
328.3714 	DATA 	Keypress: num_3
328.3879 	EXP 	text: height = 0.1
328.3879 	EXP 	text: height = 0.1
328.3879 	EXP 	text: text = '3'
329.4893 	DATA 	Keypress: return
329.4900 	EXP 	New trial (rep=0, index=3): {'soundEstimulus': 'estimulos/4.wav'}
329.5058 	EXP 	instr: autoDraw = False
329.5058 	EXP 	text: autoDraw = False
334.6114 	EXP 	text: height = 0.1
334.6114 	EXP 	text: height = 0.1
334.6114 	EXP 	text: text = ''
334.6114 	EXP 	instr: autoDraw = True
334.6114 	EXP 	text: autoDraw = True
335.5125 	DATA 	Keypress: num_4
335.5291 	EXP 	text: height = 0.1
335.5291 	EXP 	text: height = 0.1
335.5291 	EXP 	text: text = '4'
336.2466 	DATA 	Keypress: return
336.2473 	EXP 	New trial (rep=0, index=4): {'soundEstimulus': 'estimulos/5.wav'}
336.2632 	EXP 	instr: autoDraw = False
336.2632 	EXP 	text: autoDraw = False
341.3854 	EXP 	text: height = 0.1
341.3854 	EXP 	text: height = 0.1
341.3854 	EXP 	text: text = ''
341.3854 	EXP 	instr: autoDraw = True
341.3854 	EXP 	text: autoDraw = True
341.7860 	DATA 	Keypress: num_3
341.8026 	EXP 	text: height = 0.1
341.8026 	EXP 	text: height = 0.1
341.8026 	EXP 	text: text = '3'
343.4045 	DATA 	Keypress: return
343.4052 	EXP 	New trial (rep=0, index=5): {'soundEstimulus': 'estimulos/6.wav'}
343.4210 	EXP 	instr: autoDraw = False
343.4210 	EXP 	text: autoDraw = False
348.5600 	EXP 	text: height = 0.1
348.5600 	EXP 	text: height = 0.1
348.5600 	EXP 	text: text = ''
348.5600 	EXP 	instr: autoDraw = True
348.5600 	EXP 	text: autoDraw = True
351.3965 	DATA 	Keypress: num_3
351.4131 	EXP 	text: height = 0.1
351.4131 	EXP 	text: height = 0.1
351.4131 	EXP 	text: text = '3'
352.2141 	DATA 	Keypress: comma
352.2306 	EXP 	text: height = 0.1
352.2306 	EXP 	text: height = 0.1
352.2306 	EXP 	text: text = '3,'
352.8481 	DATA 	Keypress: num_5
352.8647 	EXP 	text: height = 0.1
352.8647 	EXP 	text: height = 0.1
352.8647 	EXP 	text: text = '3,5'
353.6824 	DATA 	Keypress: return
353.6830 	EXP 	New trial (rep=1, index=0): {'soundEstimulus': 'estimulos/1.wav'}
353.6989 	EXP 	instr: autoDraw = False
353.6989 	EXP 	text: autoDraw = False
358.8212 	EXP 	text: height = 0.1
358.8212 	EXP 	text: height = 0.1
358.8212 	EXP 	text: text = ''
358.8212 	EXP 	instr: autoDraw = True
358.8212 	EXP 	text: autoDraw = True
359.7223 	DATA 	Keypress: num_0
359.7388 	EXP 	text: height = 0.1
359.7388 	EXP 	text: height = 0.1
359.7388 	EXP 	text: text = '0'
360.9403 	DATA 	Keypress: comma
360.9569 	EXP 	text: height = 0.1
360.9569 	EXP 	text: height = 0.1
360.9569 	EXP 	text: text = '0,'
361.7912 	DATA 	Keypress: num_5
361.8078 	EXP 	text: height = 0.1
361.8078 	EXP 	text: height = 0.1
361.8078 	EXP 	text: text = '0,5'
362.4755 	DATA 	Keypress: return
362.4763 	EXP 	New trial (rep=1, index=1): {'soundEstimulus': 'estimulos/2.wav'}
362.4919 	EXP 	instr: autoDraw = False
362.4919 	EXP 	text: autoDraw = False
367.6308 	EXP 	text: height = 0.1
367.6308 	EXP 	text: height = 0.1
367.6308 	EXP 	text: text = ''
367.6308 	EXP 	instr: autoDraw = True
367.6308 	EXP 	text: autoDraw = True
368.4653 	DATA 	Keypress: num_1
368.4818 	EXP 	text: height = 0.1
368.4818 	EXP 	text: height = 0.1
368.4818 	EXP 	text: text = '1'
369.2327 	DATA 	Keypress: return
369.2333 	EXP 	New trial (rep=1, index=2): {'soundEstimulus': 'estimulos/3.wav'}
369.2492 	EXP 	instr: autoDraw = False
369.2492 	EXP 	text: autoDraw = False
374.3882 	EXP 	text: height = 0.1
374.3882 	EXP 	text: height = 0.1
374.3882 	EXP 	text: text = ''
374.3882 	EXP 	instr: autoDraw = True
374.3882 	EXP 	text: autoDraw = True
374.8388 	DATA 	Keypress: num_2
374.8554 	EXP 	text: height = 0.1
374.8554 	EXP 	text: height = 0.1
374.8554 	EXP 	text: text = '2'
375.6564 	DATA 	Keypress: return
375.6570 	EXP 	New trial (rep=1, index=3): {'soundEstimulus': 'estimulos/4.wav'}
375.6729 	EXP 	instr: autoDraw = False
375.6729 	EXP 	text: autoDraw = False
380.7952 	EXP 	text: height = 0.1
380.7952 	EXP 	text: height = 0.1
380.7952 	EXP 	text: text = ''
380.7952 	EXP 	instr: autoDraw = True
380.7952 	EXP 	text: autoDraw = True
381.7297 	DATA 	Keypress: num_3
381.7462 	EXP 	text: height = 0.1
381.7462 	EXP 	text: height = 0.1
381.7462 	EXP 	text: text = '3'
382.9310 	DATA 	Keypress: return
382.9317 	EXP 	New trial (rep=1, index=4): {'soundEstimulus': 'estimulos/5.wav'}
382.9475 	EXP 	instr: autoDraw = False
382.9475 	EXP 	text: autoDraw = False
388.0865 	EXP 	text: height = 0.1
388.0865 	EXP 	text: height = 0.1
388.0865 	EXP 	text: text = ''
388.0865 	EXP 	instr: autoDraw = True
388.0865 	EXP 	text: autoDraw = True
388.9043 	DATA 	Keypress: num_3
388.9207 	EXP 	text: height = 0.1
388.9207 	EXP 	text: height = 0.1
388.9207 	EXP 	text: text = '3'
389.9554 	DATA 	Keypress: return
389.9560 	EXP 	New trial (rep=1, index=5): {'soundEstimulus': 'estimulos/6.wav'}
389.9719 	EXP 	instr: autoDraw = False
389.9719 	EXP 	text: autoDraw = False
395.0942 	EXP 	text: height = 0.1
395.0942 	EXP 	text: height = 0.1
395.0942 	EXP 	text: text = ''
395.0942 	EXP 	instr: autoDraw = True
395.0942 	EXP 	text: autoDraw = True
395.7450 	DATA 	Keypress: num_4
395.7616 	EXP 	text: height = 0.1
395.7616 	EXP 	text: height = 0.1
395.7616 	EXP 	text: text = '4'
396.6627 	DATA 	Keypress: return
396.6634 	EXP 	New trial (rep=2, index=0): {'soundEstimulus': 'estimulos/1.wav'}
396.6792 	EXP 	instr: autoDraw = False
396.6792 	EXP 	text: autoDraw = False
401.8182 	EXP 	text: height = 0.1
401.8182 	EXP 	text: height = 0.1
401.8182 	EXP 	text: text = ''
401.8182 	EXP 	instr: autoDraw = True
401.8182 	EXP 	text: autoDraw = True
402.5025 	DATA 	Keypress: num_0
402.5190 	EXP 	text: height = 0.1
402.5190 	EXP 	text: height = 0.1
402.5190 	EXP 	text: text = '0'
403.7872 	DATA 	Keypress: comma
403.8037 	EXP 	text: height = 0.1
403.8037 	EXP 	text: height = 0.1
403.8037 	EXP 	text: text = '0,'
404.4545 	DATA 	Keypress: num_5
404.4711 	EXP 	text: height = 0.1
404.4711 	EXP 	text: height = 0.1
404.4711 	EXP 	text: text = '0,5'
405.1720 	DATA 	Keypress: return
405.1727 	EXP 	New trial (rep=2, index=1): {'soundEstimulus': 'estimulos/2.wav'}
405.1885 	EXP 	instr: autoDraw = False
405.1885 	EXP 	text: autoDraw = False
410.3108 	EXP 	text: height = 0.1
410.3108 	EXP 	text: height = 0.1
410.3108 	EXP 	text: text = ''
410.3108 	EXP 	instr: autoDraw = True
410.3108 	EXP 	text: autoDraw = True
412.3632 	DATA 	Keypress: num_3
412.3797 	EXP 	text: height = 0.1
412.3797 	EXP 	text: height = 0.1
412.3797 	EXP 	text: text = '3'
413.1307 	DATA 	Keypress: return
413.1313 	EXP 	New trial (rep=2, index=2): {'soundEstimulus': 'estimulos/3.wav'}
413.1472 	EXP 	instr: autoDraw = False
413.1472 	EXP 	text: autoDraw = False
418.2695 	EXP 	text: height = 0.1
418.2695 	EXP 	text: height = 0.1
418.2695 	EXP 	text: text = ''
418.2695 	EXP 	instr: autoDraw = True
418.2695 	EXP 	text: autoDraw = True
419.5545 	DATA 	Keypress: num_4
419.5709 	EXP 	text: height = 0.1
419.5709 	EXP 	text: height = 0.1
419.5709 	EXP 	text: text = '4'
420.3886 	DATA 	Keypress: return
420.3893 	EXP 	New trial (rep=2, index=3): {'soundEstimulus': 'estimulos/4.wav'}
420.4052 	EXP 	instr: autoDraw = False
420.4052 	EXP 	text: autoDraw = False
425.5274 	EXP 	text: height = 0.1
425.5274 	EXP 	text: height = 0.1
425.5274 	EXP 	text: text = ''
425.5274 	EXP 	instr: autoDraw = True
425.5274 	EXP 	text: autoDraw = True
426.6121 	DATA 	Keypress: num_4
426.6286 	EXP 	text: height = 0.1
426.6286 	EXP 	text: height = 0.1
426.6286 	EXP 	text: text = '4'
427.3462 	DATA 	Keypress: return
427.3468 	EXP 	New trial (rep=2, index=4): {'soundEstimulus': 'estimulos/5.wav'}
427.3628 	EXP 	instr: autoDraw = False
427.3628 	EXP 	text: autoDraw = False
432.5017 	EXP 	text: height = 0.1
432.5017 	EXP 	text: height = 0.1
432.5017 	EXP 	text: text = ''
432.5017 	EXP 	instr: autoDraw = True
432.5017 	EXP 	text: autoDraw = True
434.8378 	DATA 	Keypress: num_3
434.8543 	EXP 	text: height = 0.1
434.8543 	EXP 	text: height = 0.1
434.8543 	EXP 	text: text = '3'
437.1903 	DATA 	Keypress: return
437.1910 	EXP 	New trial (rep=2, index=5): {'soundEstimulus': 'estimulos/6.wav'}
437.2068 	EXP 	instr: autoDraw = False
437.2068 	EXP 	text: autoDraw = False
442.3291 	EXP 	text: height = 0.1
442.3291 	EXP 	text: height = 0.1
442.3291 	EXP 	text: text = ''
442.3291 	EXP 	instr: autoDraw = True
442.3291 	EXP 	text: autoDraw = True
444.2481 	DATA 	Keypress: num_2
444.2646 	EXP 	text: height = 0.1
444.2646 	EXP 	text: height = 0.1
444.2646 	EXP 	text: text = '2'
444.9154 	DATA 	Keypress: return
444.9161 	EXP 	New trial (rep=3, index=0): {'soundEstimulus': 'estimulos/1.wav'}
444.9320 	EXP 	instr: autoDraw = False
444.9320 	EXP 	text: autoDraw = False
450.0542 	EXP 	text: height = 0.1
450.0542 	EXP 	text: height = 0.1
450.0542 	EXP 	text: text = ''
450.0542 	EXP 	instr: autoDraw = True
450.0542 	EXP 	text: autoDraw = True
450.6216 	DATA 	Keypress: num_1
450.6382 	EXP 	text: height = 0.1
450.6382 	EXP 	text: height = 0.1
450.6382 	EXP 	text: text = '1'
451.8234 	DATA 	Keypress: return
451.8241 	EXP 	New trial (rep=3, index=1): {'soundEstimulus': 'estimulos/2.wav'}
451.8395 	EXP 	instr: autoDraw = False
451.8395 	EXP 	text: autoDraw = False
456.9618 	EXP 	text: height = 0.1
456.9618 	EXP 	text: height = 0.1
456.9618 	EXP 	text: text = ''
456.9618 	EXP 	instr: autoDraw = True
456.9618 	EXP 	text: autoDraw = True
457.4458 	DATA 	Keypress: num_2
457.4623 	EXP 	text: height = 0.1
457.4623 	EXP 	text: height = 0.1
457.4623 	EXP 	text: text = '2'
458.5470 	DATA 	Keypress: return
458.5478 	EXP 	New trial (rep=3, index=2): {'soundEstimulus': 'estimulos/3.wav'}
458.5636 	EXP 	instr: autoDraw = False
458.5636 	EXP 	text: autoDraw = False
463.7025 	EXP 	text: height = 0.1
463.7025 	EXP 	text: height = 0.1
463.7025 	EXP 	text: text = ''
463.7025 	EXP 	instr: autoDraw = True
463.7025 	EXP 	text: autoDraw = True
464.1698 	DATA 	Keypress: num_3
464.1863 	EXP 	text: height = 0.1
464.1863 	EXP 	text: height = 0.1
464.1863 	EXP 	text: text = '3'
465.1375 	DATA 	Keypress: return
465.1382 	EXP 	New trial (rep=3, index=3): {'soundEstimulus': 'estimulos/4.wav'}
465.1541 	EXP 	instr: autoDraw = False
465.1541 	EXP 	text: autoDraw = False
470.2930 	EXP 	text: height = 0.1
470.2930 	EXP 	text: height = 0.1
470.2930 	EXP 	text: text = ''
470.2930 	EXP 	instr: autoDraw = True
470.2930 	EXP 	text: autoDraw = True
472.2954 	DATA 	Keypress: num_4
472.3119 	EXP 	text: height = 0.1
472.3119 	EXP 	text: height = 0.1
472.3119 	EXP 	text: text = '4'
472.8960 	DATA 	Keypress: return
472.8967 	EXP 	New trial (rep=3, index=4): {'soundEstimulus': 'estimulos/5.wav'}
472.9125 	EXP 	instr: autoDraw = False
472.9125 	EXP 	text: autoDraw = False
478.0348 	EXP 	text: height = 0.1
478.0348 	EXP 	text: height = 0.1
478.0348 	EXP 	text: text = ''
478.0348 	EXP 	instr: autoDraw = True
478.0348 	EXP 	text: autoDraw = True
478.3687 	DATA 	Keypress: num_3
478.3852 	EXP 	text: height = 0.1
478.3852 	EXP 	text: height = 0.1
478.3852 	EXP 	text: text = '3'
479.4532 	DATA 	Keypress: return
479.4538 	EXP 	New trial (rep=3, index=5): {'soundEstimulus': 'estimulos/6.wav'}
479.4697 	EXP 	instr: autoDraw = False
479.4697 	EXP 	text: autoDraw = False
484.5920 	EXP 	text: height = 0.1
484.5920 	EXP 	text: height = 0.1
484.5920 	EXP 	text: text = ''
484.5920 	EXP 	instr: autoDraw = True
484.5920 	EXP 	text: autoDraw = True
484.8257 	DATA 	Keypress: num_2
484.8423 	EXP 	text: height = 0.1
484.8423 	EXP 	text: height = 0.1
484.8423 	EXP 	text: text = '2'
485.9937 	DATA 	Keypress: return
485.9943 	EXP 	New trial (rep=4, index=0): {'soundEstimulus': 'estimulos/1.wav'}
486.0102 	EXP 	instr: autoDraw = False
486.0102 	EXP 	text: autoDraw = False
491.1325 	EXP 	text: height = 0.1
491.1325 	EXP 	text: height = 0.1
491.1325 	EXP 	text: text = ''
491.1325 	EXP 	instr: autoDraw = True
491.1325 	EXP 	text: autoDraw = True
491.2661 	DATA 	Keypress: num_1
491.2826 	EXP 	text: height = 0.1
491.2826 	EXP 	text: height = 0.1
491.2826 	EXP 	text: text = '1'
492.2672 	DATA 	Keypress: return
492.2678 	EXP 	New trial (rep=4, index=1): {'soundEstimulus': 'estimulos/2.wav'}
492.2837 	EXP 	instr: autoDraw = False
492.2837 	EXP 	text: autoDraw = False
497.4060 	EXP 	text: height = 0.1
497.4060 	EXP 	text: height = 0.1
497.4060 	EXP 	text: text = ''
497.4060 	EXP 	instr: autoDraw = True
497.4060 	EXP 	text: autoDraw = True
497.6898 	DATA 	Keypress: num_2
497.7063 	EXP 	text: height = 0.1
497.7063 	EXP 	text: height = 0.1
497.7063 	EXP 	text: text = '2'
498.7255 	DATA 	Keypress: return
498.7414 	EXP 	New trial (rep=4, index=2): {'soundEstimulus': 'estimulos/3.wav'}
498.7575 	EXP 	instr: autoDraw = False
498.7575 	EXP 	text: autoDraw = False
503.8964 	EXP 	text: height = 0.1
503.8964 	EXP 	text: height = 0.1
503.8964 	EXP 	text: text = ''
503.8964 	EXP 	instr: autoDraw = True
503.8964 	EXP 	text: autoDraw = True
504.0968 	DATA 	Keypress: num_3
504.1133 	EXP 	text: height = 0.1
504.1133 	EXP 	text: height = 0.1
504.1133 	EXP 	text: text = '3'
504.7809 	DATA 	Keypress: return
504.7815 	EXP 	New trial (rep=4, index=3): {'soundEstimulus': 'estimulos/4.wav'}
504.7974 	EXP 	instr: autoDraw = False
504.7974 	EXP 	text: autoDraw = False
509.9197 	EXP 	text: height = 0.1
509.9197 	EXP 	text: height = 0.1
509.9197 	EXP 	text: text = ''
509.9197 	EXP 	instr: autoDraw = True
509.9197 	EXP 	text: autoDraw = True
510.6873 	DATA 	Keypress: num_3
510.7039 	EXP 	text: height = 0.1
510.7039 	EXP 	text: height = 0.1
510.7039 	EXP 	text: text = '3'
511.4715 	DATA 	Keypress: return
511.4722 	EXP 	New trial (rep=4, index=4): {'soundEstimulus': 'estimulos/5.wav'}
511.4880 	EXP 	instr: autoDraw = False
511.4880 	EXP 	text: autoDraw = False
516.6103 	EXP 	text: height = 0.1
516.6103 	EXP 	text: height = 0.1
516.6103 	EXP 	text: text = ''
516.6103 	EXP 	instr: autoDraw = True
516.6103 	EXP 	text: autoDraw = True
517.4113 	DATA 	Keypress: num_2
517.4279 	EXP 	text: height = 0.1
517.4279 	EXP 	text: height = 0.1
517.4279 	EXP 	text: text = '2'
518.5125 	DATA 	Keypress: return
518.5132 	EXP 	New trial (rep=4, index=5): {'soundEstimulus': 'estimulos/6.wav'}
518.5291 	EXP 	instr: autoDraw = False
518.5291 	EXP 	text: autoDraw = False
523.6513 	EXP 	text: height = 0.1
523.6513 	EXP 	text: height = 0.1
523.6513 	EXP 	text: text = ''
523.6513 	EXP 	instr: autoDraw = True
523.6513 	EXP 	text: autoDraw = True
524.0532 	DATA 	Keypress: num_2
524.0851 	EXP 	text: height = 0.1
524.0851 	EXP 	text: height = 0.1
524.0851 	EXP 	text: text = '2'
524.8361 	DATA 	Keypress: return
524.8368 	EXP 	New trial (rep=5, index=0): {'soundEstimulus': 'estimulos/1.wav'}
524.8526 	EXP 	instr: autoDraw = False
524.8526 	EXP 	text: autoDraw = False
529.9916 	EXP 	text: height = 0.1
529.9916 	EXP 	text: height = 0.1
529.9916 	EXP 	text: text = ''
529.9916 	EXP 	instr: autoDraw = True
529.9916 	EXP 	text: autoDraw = True
530.1586 	DATA 	Keypress: num_1
530.1751 	EXP 	text: height = 0.1
530.1751 	EXP 	text: height = 0.1
530.1751 	EXP 	text: text = '1'
530.9595 	DATA 	Keypress: return
530.9602 	EXP 	New trial (rep=5, index=1): {'soundEstimulus': 'estimulos/2.wav'}
530.9760 	EXP 	instr: autoDraw = False
530.9760 	EXP 	text: autoDraw = False
536.0983 	EXP 	text: height = 0.1
536.0983 	EXP 	text: height = 0.1
536.0983 	EXP 	text: text = ''
536.0983 	EXP 	instr: autoDraw = True
536.0983 	EXP 	text: autoDraw = True
536.1985 	DATA 	Keypress: num_3
536.2151 	EXP 	text: height = 0.1
536.2151 	EXP 	text: height = 0.1
536.2151 	EXP 	text: text = '3'
537.4499 	DATA 	Keypress: return
537.4505 	EXP 	New trial (rep=5, index=2): {'soundEstimulus': 'estimulos/3.wav'}
537.4664 	EXP 	instr: autoDraw = False
537.4664 	EXP 	text: autoDraw = False
542.5887 	EXP 	text: height = 0.1
542.5887 	EXP 	text: height = 0.1
542.5887 	EXP 	text: text = ''
542.5887 	EXP 	instr: autoDraw = True
542.5887 	EXP 	text: autoDraw = True
542.9392 	DATA 	Keypress: num_4
542.9558 	EXP 	text: height = 0.1
542.9558 	EXP 	text: height = 0.1
542.9558 	EXP 	text: text = '4'
543.6734 	DATA 	Keypress: return
543.6741 	EXP 	New trial (rep=5, index=3): {'soundEstimulus': 'estimulos/4.wav'}
543.6899 	EXP 	instr: autoDraw = False
543.6899 	EXP 	text: autoDraw = False
548.8288 	EXP 	text: height = 0.1
548.8288 	EXP 	text: height = 0.1
548.8288 	EXP 	text: text = ''
548.8288 	EXP 	instr: autoDraw = True
548.8288 	EXP 	text: autoDraw = True
549.5798 	DATA 	Keypress: num_2
549.5964 	EXP 	text: height = 0.1
549.5964 	EXP 	text: height = 0.1
549.5964 	EXP 	text: text = '2'
550.8646 	DATA 	Keypress: return
550.8652 	EXP 	New trial (rep=5, index=4): {'soundEstimulus': 'estimulos/5.wav'}
550.8811 	EXP 	instr: autoDraw = False
550.8811 	EXP 	text: autoDraw = False
556.0034 	EXP 	text: height = 0.1
556.0034 	EXP 	text: height = 0.1
556.0034 	EXP 	text: text = ''
556.0034 	EXP 	instr: autoDraw = True
556.0034 	EXP 	text: autoDraw = True
556.8544 	DATA 	Keypress: num_2
556.8710 	EXP 	text: height = 0.1
556.8710 	EXP 	text: height = 0.1
556.8710 	EXP 	text: text = '2'
558.5229 	DATA 	Keypress: return
558.5236 	EXP 	New trial (rep=5, index=5): {'soundEstimulus': 'estimulos/6.wav'}
558.5395 	EXP 	instr: autoDraw = False
558.5395 	EXP 	text: autoDraw = False
563.6617 	EXP 	text: height = 0.1
563.6617 	EXP 	text: height = 0.1
563.6617 	EXP 	text: text = ''
563.6617 	EXP 	instr: autoDraw = True
563.6617 	EXP 	text: autoDraw = True
564.1291 	DATA 	Keypress: num_3
564.1456 	EXP 	text: height = 0.1
564.1456 	EXP 	text: height = 0.1
564.1456 	EXP 	text: text = '3'
564.9132 	DATA 	Keypress: return
564.9139 	EXP 	New trial (rep=6, index=0): {'soundEstimulus': 'estimulos/1.wav'}
564.9298 	EXP 	instr: autoDraw = False
564.9298 	EXP 	text: autoDraw = False
569.9357 	DATA 	Keypress: num_1
570.0520 	EXP 	text: height = 0.1
570.0520 	EXP 	text: height = 0.1
570.0520 	EXP 	text: text = ''
570.0520 	EXP 	instr: autoDraw = True
570.0520 	EXP 	text: autoDraw = True
571.4537 	DATA 	Keypress: num_1
571.4703 	EXP 	text: height = 0.1
571.4703 	EXP 	text: height = 0.1
571.4703 	EXP 	text: text = '1'
572.1545 	DATA 	Keypress: return
572.1552 	EXP 	New trial (rep=6, index=1): {'soundEstimulus': 'estimulos/2.wav'}
572.1710 	EXP 	instr: autoDraw = False
572.1710 	EXP 	text: autoDraw = False
577.2933 	EXP 	text: height = 0.1
577.2933 	EXP 	text: height = 0.1
577.2933 	EXP 	text: text = ''
577.2933 	EXP 	instr: autoDraw = True
577.2933 	EXP 	text: autoDraw = True
577.7940 	DATA 	Keypress: num_2
577.8105 	EXP 	text: height = 0.1
577.8105 	EXP 	text: height = 0.1
577.8105 	EXP 	text: text = '2'
579.0120 	DATA 	Keypress: return
579.0127 	EXP 	New trial (rep=6, index=2): {'soundEstimulus': 'estimulos/3.wav'}
579.0285 	EXP 	instr: autoDraw = False
579.0285 	EXP 	text: autoDraw = False
584.1508 	EXP 	text: height = 0.1
584.1508 	EXP 	text: height = 0.1
584.1508 	EXP 	text: text = ''
584.1508 	EXP 	instr: autoDraw = True
584.1508 	EXP 	text: autoDraw = True
584.1677 	DATA 	Keypress: num_3
584.1842 	EXP 	text: height = 0.1
584.1842 	EXP 	text: height = 0.1
584.1842 	EXP 	text: text = '3'
585.1187 	DATA 	Keypress: return
585.1194 	EXP 	New trial (rep=6, index=3): {'soundEstimulus': 'estimulos/4.wav'}
585.1352 	EXP 	instr: autoDraw = False
585.1352 	EXP 	text: autoDraw = False
590.2575 	EXP 	text: height = 0.1
590.2575 	EXP 	text: height = 0.1
590.2575 	EXP 	text: text = ''
590.2575 	EXP 	instr: autoDraw = True
590.2575 	EXP 	text: autoDraw = True
590.3410 	DATA 	Keypress: num_4
590.3576 	EXP 	text: height = 0.1
590.3576 	EXP 	text: height = 0.1
590.3576 	EXP 	text: text = '4'
591.0084 	DATA 	Keypress: return
591.0091 	EXP 	New trial (rep=6, index=4): {'soundEstimulus': 'estimulos/5.wav'}
591.0250 	EXP 	instr: autoDraw = False
591.0250 	EXP 	text: autoDraw = False
596.1472 	EXP 	text: height = 0.1
596.1472 	EXP 	text: height = 0.1
596.1472 	EXP 	text: text = ''
596.1472 	EXP 	instr: autoDraw = True
596.1472 	EXP 	text: autoDraw = True
596.3476 	DATA 	Keypress: num_3
596.3641 	EXP 	text: height = 0.1
596.3641 	EXP 	text: height = 0.1
596.3641 	EXP 	text: text = '3'
597.0484 	DATA 	Keypress: return
597.0490 	EXP 	New trial (rep=6, index=5): {'soundEstimulus': 'estimulos/6.wav'}
597.0649 	EXP 	instr: autoDraw = False
597.0649 	EXP 	text: autoDraw = False
602.1872 	EXP 	text: height = 0.1
602.1872 	EXP 	text: height = 0.1
602.1872 	EXP 	text: text = ''
602.1872 	EXP 	instr: autoDraw = True
602.1872 	EXP 	text: autoDraw = True
605.6579 	DATA 	Keypress: num_2
605.6743 	EXP 	text: height = 0.1
605.6743 	EXP 	text: height = 0.1
605.6743 	EXP 	text: text = '2'
607.0760 	DATA 	Keypress: backspace
607.0925 	EXP 	text: height = 0.1
607.0925 	EXP 	text: height = 0.1
607.0925 	EXP 	text: text = ''
607.8268 	DATA 	Keypress: num_3
607.8434 	EXP 	text: height = 0.1
607.8434 	EXP 	text: height = 0.1
607.8434 	EXP 	text: text = '3'
608.3440 	DATA 	Keypress: return
608.3606 	EXP 	instr: autoDraw = False
608.3606 	EXP 	text: autoDraw = False
608.3606 	EXP 	text_3: autoDraw = True
613.3661 	EXP 	text_3: autoDraw = False
613.4726 	EXP 	window1: mouseVisible = True
